20:49:38 | configure_for_side | AI configured for White: type=lookahead depth=4, ordering=False, quiescence=False, pst_enabled=True pst_weight=1.0
20:49:38 | _search_for_move | == EVALUATION (Player: White) ==
20:49:38 | _search_for_move | AI is strongly considering the move: 0.0 | Evaluation: 0.000 | FEN: rnbqkbnr/pppppppp/8/8/8/8/PPPPPPPP/RNBQKBNR w KQkq - 0 1
20:49:39 | configure_for_side | AI configured for Black: type=random depth=1, ordering=False, quiescence=False, pst_enabled=False pst_weight=0.0
20:49:39 | _search_for_move | == EVALUATION (Player: Black) ==
20:49:39 | _search_for_move | AI is strongly considering the move: b7b6 | Evaluation: 0.000 | FEN: rnbqkbnr/pppppppp/8/8/8/5N2/PPPPPPPP/RNBQKB1R b KQkq - 1 1
20:49:40 | configure_for_side | AI configured for White: type=lookahead depth=4, ordering=False, quiescence=False, pst_enabled=True pst_weight=1.0
20:49:40 | _search_for_move | == EVALUATION (Player: White) ==
20:49:40 | _search_for_move | AI is strongly considering the move: 0.0 | Evaluation: 0.000 | FEN: rnbqkbnr/p1pppppp/1p6/8/8/5N2/PPPPPPPP/RNBQKB1R w KQkq - 0 2
20:49:41 | configure_for_side | AI configured for Black: type=random depth=1, ordering=False, quiescence=False, pst_enabled=False pst_weight=0.0
20:49:41 | _search_for_move | == EVALUATION (Player: Black) ==
20:49:41 | _search_for_move | AI is strongly considering the move: g8f6 | Evaluation: 0.000 | FEN: rnbqkbnr/p1pppppp/1p6/8/2P5/5N2/PP1PPPPP/RNBQKB1R b KQkq - 0 2
20:49:42 | configure_for_side | AI configured for White: type=lookahead depth=4, ordering=False, quiescence=False, pst_enabled=True pst_weight=1.0
20:49:42 | _search_for_move | == EVALUATION (Player: White) ==
20:49:42 | _search_for_move | AI is strongly considering the move: 0.0 | Evaluation: 6.500 | FEN: rnbqkb1r/p1pppppp/1p3n2/8/2P5/5N2/PP1PPPPP/RNBQKB1R w KQkq - 1 3
20:49:43 | configure_for_side | AI configured for Black: type=random depth=1, ordering=False, quiescence=False, pst_enabled=False pst_weight=0.0
20:49:43 | _search_for_move | == EVALUATION (Player: Black) ==
20:49:43 | _search_for_move | AI is strongly considering the move: d7d5 | Evaluation: 6.500 | FEN: rnbqkb1r/p1pppppp/1p3n2/8/2P4N/8/PP1PPPPP/RNBQKB1R b KQkq - 2 3
20:49:44 | configure_for_side | AI configured for White: type=lookahead depth=4, ordering=False, quiescence=False, pst_enabled=True pst_weight=1.0
20:49:44 | _search_for_move | == EVALUATION (Player: White) ==
20:49:44 | _search_for_move | AI is strongly considering the move: 0.0 | Evaluation: 18.000 | FEN: rnbqkb1r/p1p1pppp/1p3n2/3p4/2P4N/8/PP1PPPPP/RNBQKB1R w KQkq - 0 4
20:49:45 | configure_for_side | AI configured for Black: type=random depth=1, ordering=False, quiescence=False, pst_enabled=False pst_weight=0.0
20:49:45 | _search_for_move | == EVALUATION (Player: Black) ==
20:49:45 | _search_for_move | AI is strongly considering the move: c8a6 | Evaluation: 18.000 | FEN: rnbqkb1r/p1p1pppp/1p3n2/3p4/2P4N/P7/1P1PPPPP/RNBQKB1R b KQkq - 0 4
20:49:46 | configure_for_side | AI configured for White: type=lookahead depth=4, ordering=False, quiescence=False, pst_enabled=True pst_weight=1.0
20:49:46 | _search_for_move | == EVALUATION (Player: White) ==
20:49:46 | _search_for_move | AI is strongly considering the move: 0.0 | Evaluation: 18.000 | FEN: rn1qkb1r/p1p1pppp/bp3n2/3p4/2P4N/P7/1P1PPPPP/RNBQKB1R w KQkq - 1 5
20:49:47 | configure_for_side | AI configured for Black: type=random depth=1, ordering=False, quiescence=False, pst_enabled=False pst_weight=0.0
20:49:47 | _search_for_move | == EVALUATION (Player: Black) ==
20:49:47 | _search_for_move | AI is strongly considering the move: f6e4 | Evaluation: 18.000 | FEN: rn1qkb1r/p1p1pppp/bp3n2/3p4/2P4N/P3P3/1P1P1PPP/RNBQKB1R b KQkq - 0 5
20:49:48 | configure_for_side | AI configured for White: type=lookahead depth=4, ordering=False, quiescence=False, pst_enabled=True pst_weight=1.0
20:49:48 | _search_for_move | == EVALUATION (Player: White) ==
20:49:48 | _search_for_move | AI is strongly considering the move: 0.0 | Evaluation: 18.000 | FEN: rn1qkb1r/p1p1pppp/bp6/3p4/2P1n2N/P3P3/1P1P1PPP/RNBQKB1R w KQkq - 1 6
20:53:45 | configure_for_side | AI configured for White: type=lookahead depth=4, ordering=False, quiescence=False, pst_enabled=True pst_weight=1.0
20:53:45 | _search_for_move | == EVALUATION (Player: White) ==
20:53:49 | configure_for_side | AI configured for White: type=lookahead depth=4, ordering=False, quiescence=False, pst_enabled=True pst_weight=1.0
20:53:49 | _search_for_move | == EVALUATION (Player: White) ==
20:53:52 | configure_for_side | AI configured for White: type=lookahead depth=4, ordering=False, quiescence=False, pst_enabled=True pst_weight=1.0
20:53:52 | _search_for_move | == EVALUATION (Player: White) ==
